0 info it worked if it ends with ok
1 verbose cli [ '/usr/bin/nodejs',
1 verbose cli   '/usr/bin/npm',
1 verbose cli   'install',
1 verbose cli   '../app/models/fooditem' ]
2 info using npm@1.3.10
3 info using node@v0.10.25
4 warn package.json node-authentication@ No repository field.
5 verbose readDependencies using package.json deps
6 verbose cache add [ '../app/models/fooditem', null ]
7 verbose cache add name=undefined spec="../app/models/fooditem" args=["../app/models/fooditem",null]
8 verbose parsed url { protocol: null,
8 verbose parsed url   slashes: null,
8 verbose parsed url   auth: null,
8 verbose parsed url   host: null,
8 verbose parsed url   port: null,
8 verbose parsed url   hostname: null,
8 verbose parsed url   hash: null,
8 verbose parsed url   search: null,
8 verbose parsed url   query: null,
8 verbose parsed url   pathname: '../app/models/fooditem',
8 verbose parsed url   path: '../app/models/fooditem',
8 verbose parsed url   href: '../app/models/fooditem' }
9 silly lockFile 78b5f8d3-app-models-fooditem ../app/models/fooditem
10 verbose lock ../app/models/fooditem /home/developer/.npm/78b5f8d3-app-models-fooditem.lock
11 silly lockFile 78b5f8d3-app-models-fooditem ../app/models/fooditem
12 silly lockFile 78b5f8d3-app-models-fooditem ../app/models/fooditem
13 error addLocal Could not install ../app/models/fooditem
14 error Error: ENOENT, stat '../app/models/fooditem'
15 error If you need help, you may report this log at:
15 error     <http://github.com/isaacs/npm/issues>
15 error or email it to:
15 error     <npm-@googlegroups.com>
16 error System Linux 3.13.0-39-generic
17 error command "/usr/bin/nodejs" "/usr/bin/npm" "install" "../app/models/fooditem"
18 error cwd /home/developer/Desktop/Comp20/Library/comp20-spring2015-team20
19 error node -v v0.10.25
20 error npm -v 1.3.10
21 error path ../app/models/fooditem
22 error code ENOENT
23 error errno 34
24 verbose exit [ 34, true ]
